[debug] [2025-04-19T12:13:46.237Z] ----------------------------------------------------------------------
[debug] [2025-04-19T12:13:46.240Z] Command:       C:\Program Files\nodejs\node.exe C:\Users\mohit\AppData\Roaming\npm\node_modules\firebase-tools\lib\bin\firebase.js init firestore
[debug] [2025-04-19T12:13:46.241Z] CLI Version:   13.29.2
[debug] [2025-04-19T12:13:46.241Z] Platform:      win32
[debug] [2025-04-19T12:13:46.241Z] Node Version:  v22.13.1
[debug] [2025-04-19T12:13:46.241Z] Time:          Sat Apr 19 2025 17:43:46 GMT+0530 (India Standard Time)
[debug] [2025-04-19T12:13:46.241Z] ----------------------------------------------------------------------
[debug] 
[debug] [2025-04-19T12:13:46.244Z] >>> [apiv2][query] GET https://firebase-public.firebaseio.com/cli.json [none]
[debug] [2025-04-19T12:13:46.293Z] > command requires scopes: ["email","openid","https://www.googleapis.com/auth/cloudplatformprojects.readonly","https://www.googleapis.com/auth/firebase","https://www.googleapis.com/auth/cloud-platform"]
[debug] [2025-04-19T12:13:46.294Z] > authorizing via signed-in user (mohitrmore14@gmail.com)
[info] 
     ######## #### ########  ######## ########     ###     ######  ########
     ##        ##  ##     ## ##       ##     ##  ##   ##  ##       ##
     ######    ##  ########  ######   ########  #########  ######  ######
     ##        ##  ##    ##  ##       ##     ## ##     ##       ## ##
     ##       #### ##     ## ######## ########  ##     ##  ######  ########

You're about to initialize a Firebase project in this directory:

  D:\FoodieApp\backend

[debug] [2025-04-19T12:13:47.030Z] <<< [apiv2][status] GET https://firebase-public.firebaseio.com/cli.json 200
[debug] [2025-04-19T12:13:47.030Z] <<< [apiv2][body] GET https://firebase-public.firebaseio.com/cli.json {"cloudBuildErrorAfter":1594252800000,"cloudBuildWarnAfter":1590019200000,"defaultNode10After":1594252800000,"minVersion":"3.0.5","node8DeploysDisabledAfter":1613390400000,"node8RuntimeDisabledAfter":1615809600000,"node8WarnAfter":1600128000000}
[info] 
=== Project Setup
[info] 
[info] First, let's associate this project directory with a Firebase project.
[info] You can create multiple project aliases by running firebase use --add, 
[info] but for now we'll just set up a default project.
[info] 
[debug] [2025-04-19T12:14:02.507Z] Checked if tokens are valid: false, expires at: 1737724036033
[debug] [2025-04-19T12:14:02.508Z] Checked if tokens are valid: false, expires at: 1737724036033
[debug] [2025-04-19T12:14:02.508Z] > refreshing access token with scopes: []
[debug] [2025-04-19T12:14:02.510Z] >>> [apiv2][query] POST https://www.googleapis.com/oauth2/v3/token [none]
[debug] [2025-04-19T12:14:02.510Z] >>> [apiv2][body] POST https://www.googleapis.com/oauth2/v3/token [omitted]
[debug] [2025-04-19T12:14:02.922Z] <<< [apiv2][status] POST https://www.googleapis.com/oauth2/v3/token 200
[debug] [2025-04-19T12:14:02.922Z] <<< [apiv2][body] POST https://www.googleapis.com/oauth2/v3/token [omitted]
[debug] [2025-04-19T12:14:02.946Z] >>> [apiv2][query] GET https://firebase.googleapis.com/v1beta1/projects pageSize=100
[debug] [2025-04-19T12:14:03.791Z] <<< [apiv2][status] GET https://firebase.googleapis.com/v1beta1/projects 200
[debug] [2025-04-19T12:14:03.791Z] <<< [apiv2][body] GET https://firebase.googleapis.com/v1beta1/projects [omitted]
[info] i  Using project fooddonation-2d9b8 (fooddonation) 
[info] 
=== Firestore Setup
[debug] [2025-04-19T12:14:23.217Z] Checked if tokens are valid: true, expires at: 1745068441923
[debug] [2025-04-19T12:14:23.217Z] Checked if tokens are valid: true, expires at: 1745068441923
[debug] [2025-04-19T12:14:23.218Z] >>> [apiv2][query] GET https://serviceusage.googleapis.com/v1/projects/fooddonation-2d9b8/services/firestore.googleapis.com [none]
[debug] [2025-04-19T12:14:23.218Z] >>> [apiv2][(partial)header] GET https://serviceusage.googleapis.com/v1/projects/fooddonation-2d9b8/services/firestore.googleapis.com x-goog-quota-user=projects/fooddonation-2d9b8
[debug] [2025-04-19T12:14:25.486Z] <<< [apiv2][status] GET https://serviceusage.googleapis.com/v1/projects/fooddonation-2d9b8/services/firestore.googleapis.com 200
[debug] [2025-04-19T12:14:25.486Z] <<< [apiv2][body] GET https://serviceusage.googleapis.com/v1/projects/fooddonation-2d9b8/services/firestore.googleapis.com [omitted]
[debug] [2025-04-19T12:14:25.487Z] Checked if tokens are valid: true, expires at: 1745068441923
[debug] [2025-04-19T12:14:25.487Z] Checked if tokens are valid: true, expires at: 1745068441923
[debug] [2025-04-19T12:14:25.487Z] >>> [apiv2][query] GET https://firestore.googleapis.com/v1/projects/fooddonation-2d9b8/databases/(default) [none]
[debug] [2025-04-19T12:14:25.942Z] <<< [apiv2][status] GET https://firestore.googleapis.com/v1/projects/fooddonation-2d9b8/databases/(default) 200
[debug] [2025-04-19T12:14:25.943Z] <<< [apiv2][body] GET https://firestore.googleapis.com/v1/projects/fooddonation-2d9b8/databases/(default) {"name":"projects/fooddonation-2d9b8/databases/(default)","uid":"f9f7911c-e0a3-4911-bd9c-f4848f358514","createTime":"2025-04-07T19:03:26.902549Z","updateTime":"2025-04-07T19:03:26.902549Z","locationId":"asia-south1","type":"FIRESTORE_NATIVE","concurrencyMode":"PESSIMISTIC","versionRetentionPeriod":"3600s","earliestVersionTime":"2025-04-19T11:14:09.286453Z","appEngineIntegrationMode":"DISABLED","keyPrefix":"j","pointInTimeRecoveryEnablement":"POINT_IN_TIME_RECOVERY_DISABLED","deleteProtectionState":"DELETE_PROTECTION_DISABLED","databaseEdition":"STANDARD","freeTier":true,"etag":"INnGzpOJ5IwDMOCZ6+7X1IwD"}
[debug] [2025-04-19T12:14:25.943Z] database_type: FIRESTORE_NATIVE
[debug] [2025-04-19T12:14:25.943Z] database_type: FIRESTORE_NATIVE
[debug] [2025-04-19T12:14:25.943Z] > command requires scopes: ["email","openid","https://www.googleapis.com/auth/cloudplatformprojects.readonly","https://www.googleapis.com/auth/firebase","https://www.googleapis.com/auth/cloud-platform"]
[debug] [2025-04-19T12:14:25.944Z] > authorizing via signed-in user (mohitrmore14@gmail.com)
[debug] [2025-04-19T12:14:25.944Z] [iam] checking project fooddonation-2d9b8 for permissions ["firebase.projects.get"]
[debug] [2025-04-19T12:14:25.944Z] Checked if tokens are valid: true, expires at: 1745068441923
[debug] [2025-04-19T12:14:25.944Z] Checked if tokens are valid: true, expires at: 1745068441923
[debug] [2025-04-19T12:14:25.944Z] >>> [apiv2][query] POST https://cloudresourcemanager.googleapis.com/v1/projects/fooddonation-2d9b8:testIamPermissions [none]
[debug] [2025-04-19T12:14:25.944Z] >>> [apiv2][(partial)header] POST https://cloudresourcemanager.googleapis.com/v1/projects/fooddonation-2d9b8:testIamPermissions x-goog-quota-user=projects/fooddonation-2d9b8
[debug] [2025-04-19T12:14:25.945Z] >>> [apiv2][body] POST https://cloudresourcemanager.googleapis.com/v1/projects/fooddonation-2d9b8:testIamPermissions {"permissions":["firebase.projects.get"]}
[debug] [2025-04-19T12:14:27.595Z] <<< [apiv2][status] POST https://cloudresourcemanager.googleapis.com/v1/projects/fooddonation-2d9b8:testIamPermissions 200
[debug] [2025-04-19T12:14:27.596Z] <<< [apiv2][body] POST https://cloudresourcemanager.googleapis.com/v1/projects/fooddonation-2d9b8:testIamPermissions {"permissions":["firebase.projects.get"]}
[info] 
[info] Firestore Security Rules allow you to define how and when to allow
[info] requests. You can keep these rules in your project directory
[info] and publish them with firebase deploy.
[info] 
